<?xml version="1.0" encoding="UTF-8"?>
<!-- Generated by org.testng.reporters.JUnitXMLReporter -->
<testsuite ignored="0" hostname="DESKTOP-MR8EGM6" failures="0" tests="8" name="Default test" time="30.935" errors="0" timestamp="2024-03-07T22:52:12 AST">
  <testcase classname="SmartReg" name="Myemail" time="7.539"/>
  <testcase classname="SmartReg" name="Myemail" time="3.399"/>
  <testcase classname="SmartReg" name="Myemail" time="3.149"/>
  <testcase classname="SmartReg" name="Myemail" time="3.356"/>
  <testcase classname="SmartReg" name="Myemail" time="3.27"/>
  <testcase classname="SmartReg" name="Myemail" time="3.107"/>
  <testcase classname="SmartReg" name="Myemail" time="3.384"/>
  <testcase classname="SmartReg" name="Myemail" time="3.518"/>
</testsuite> <!-- Default test -->
