<?xml version="1.0" encoding="UTF-8"?>
<testng-results ignored="0" total="8" passed="8" failed="0" skipped="0">
  <reporter-output>
  </reporter-output>
  <suite started-at="2024-03-07T22:51:41 AST" name="Default suite" finished-at="2024-03-07T22:52:12 AST" duration-ms="30935">
    <groups>
    </groups>
    <test started-at="2024-03-07T22:51:41 AST" name="Default test" finished-at="2024-03-07T22:52:12 AST" duration-ms="30935">
      <class name="SmartReg">
        <test-method is-config="true" signature="SmartBuyRegeister()[pri:0, instance:SmartReg@72c28d64]" started-at="2024-03-07T22:51:41 AST" name="SmartBuyRegeister" finished-at="2024-03-07T22:51:41 AST" duration-ms="148" status="PASS">
          <reporter-output>
          </reporter-output>
        </test-method> <!-- SmartBuyRegeister -->
        <test-method signature="Myemail()[pri:0, instance:SmartReg@72c28d64]" started-at="2024-03-07T22:51:41 AST" name="Myemail" finished-at="2024-03-07T22:51:48 AST" duration-ms="7539" status="PASS">
          <reporter-output>
          </reporter-output>
        </test-method> <!-- Myemail -->
        <test-method signature="Myemail()[pri:0, instance:SmartReg@72c28d64]" started-at="2024-03-07T22:51:48 AST" name="Myemail" finished-at="2024-03-07T22:51:52 AST" duration-ms="3399" status="PASS">
          <reporter-output>
          </reporter-output>
        </test-method> <!-- Myemail -->
        <test-method signature="Myemail()[pri:0, instance:SmartReg@72c28d64]" started-at="2024-03-07T22:51:52 AST" name="Myemail" finished-at="2024-03-07T22:51:55 AST" duration-ms="3149" status="PASS">
          <reporter-output>
          </reporter-output>
        </test-method> <!-- Myemail -->
        <test-method signature="Myemail()[pri:0, instance:SmartReg@72c28d64]" started-at="2024-03-07T22:51:55 AST" name="Myemail" finished-at="2024-03-07T22:51:58 AST" duration-ms="3356" status="PASS">
          <reporter-output>
          </reporter-output>
        </test-method> <!-- Myemail -->
        <test-method signature="Myemail()[pri:0, instance:SmartReg@72c28d64]" started-at="2024-03-07T22:51:58 AST" name="Myemail" finished-at="2024-03-07T22:52:02 AST" duration-ms="3270" status="PASS">
          <reporter-output>
          </reporter-output>
        </test-method> <!-- Myemail -->
        <test-method signature="Myemail()[pri:0, instance:SmartReg@72c28d64]" started-at="2024-03-07T22:52:02 AST" name="Myemail" finished-at="2024-03-07T22:52:05 AST" duration-ms="3107" status="PASS">
          <reporter-output>
          </reporter-output>
        </test-method> <!-- Myemail -->
        <test-method signature="Myemail()[pri:0, instance:SmartReg@72c28d64]" started-at="2024-03-07T22:52:05 AST" name="Myemail" finished-at="2024-03-07T22:52:08 AST" duration-ms="3384" status="PASS">
          <reporter-output>
          </reporter-output>
        </test-method> <!-- Myemail -->
        <test-method signature="Myemail()[pri:0, instance:SmartReg@72c28d64]" started-at="2024-03-07T22:52:08 AST" name="Myemail" finished-at="2024-03-07T22:52:12 AST" duration-ms="3518" status="PASS">
          <reporter-output>
          </reporter-output>
        </test-method> <!-- Myemail -->
      </class> <!-- SmartReg -->
    </test> <!-- Default test -->
  </suite> <!-- Default suite -->
</testng-results>
